nohup: ignoring input
INFO    -  Building documentation...
INFO    -  Cleaning site directory
INFO    -  Documentation built in 0.28 seconds
INFO    -  [13:06:29] Watching paths for changes: 'docs', 'mkdocs.yml'
INFO    -  [13:06:29] Serving on http://0.0.0.0:8005/
INFO    -  [13:07:34] Detected file changes
INFO    -  Building documentation...
INFO    -  Downloading external file: https://unpkg.com/mermaid@11/dist/mermaid.min.js
INFO    -  Downloading external file: https://fonts.googleapis.com/css?family=Roboto:300,300i,400,400i,700,700i%7CRoboto+Mono:400,400i,700,700i&display=fallback
INFO    -  Downloading external file: https://fonts.gstatic.com/s/roboto/v49/KFO5CnqEu92Fr1Mu53ZEC9_Vu3r1gIhOszmkC3kaWzU.woff2
INFO    -  Downloading external file: https://fonts.gstatic.com/s/roboto/v49/KFO5CnqEu92Fr1Mu53ZEC9_Vu3r1gIhOszmkAnkaWzU.woff2
INFO    -  Downloading external file: https://fonts.gstatic.com/s/roboto/v49/KFO5CnqEu92Fr1Mu53ZEC9_Vu3r1gIhOszmkCnkaWzU.woff2
INFO    -  Downloading external file: https://fonts.gstatic.com/s/roboto/v49/KFO5CnqEu92Fr1Mu53ZEC9_Vu3r1gIhOszmkBXkaWzU.woff2
INFO    -  Downloading external file: https://fonts.gstatic.com/s/roboto/v49/KFO5CnqEu92Fr1Mu53ZEC9_Vu3r1gIhOszmkenkaWzU.woff2
INFO    -  Downloading external file: https://fonts.gstatic.com/s/roboto/v49/KFO5CnqEu92Fr1Mu53ZEC9_Vu3r1gIhOszmkaHkaWzU.woff2
INFO    -  Downloading external file: https://fonts.gstatic.com/s/roboto/v49/KFO5CnqEu92Fr1Mu53ZEC9_Vu3r1gIhOszmkCXkaWzU.woff2
INFO    -  Downloading external file: https://fonts.gstatic.com/s/roboto/v49/KFO5CnqEu92Fr1Mu53ZEC9_Vu3r1gIhOszmkCHkaWzU.woff2
INFO    -  Downloading external file: https://fonts.gstatic.com/s/roboto/v49/KFO5CnqEu92Fr1Mu53ZEC9_Vu3r1gIhOszmkBnka.woff2
INFO    -  Downloading external file: https://fonts.gstatic.com/s/roboto/v49/KFO7CnqEu92Fr1ME7kSn66aGLdTylUAMa3GUBGEe.woff2
INFO    -  Downloading external file: https://fonts.gstatic.com/s/roboto/v49/KFO7CnqEu92Fr1ME7kSn66aGLdTylUAMa3iUBGEe.woff2
INFO    -  Downloading external file: https://fonts.gstatic.com/s/roboto/v49/KFO7CnqEu92Fr1ME7kSn66aGLdTylUAMa3CUBGEe.woff2
INFO    -  Downloading external file: https://fonts.gstatic.com/s/roboto/v49/KFO7CnqEu92Fr1ME7kSn66aGLdTylUAMa3-UBGEe.woff2
INFO    -  Downloading external file: https://fonts.gstatic.com/s/roboto/v49/KFO7CnqEu92Fr1ME7kSn66aGLdTylUAMawCUBGEe.woff2
INFO    -  Downloading external file: https://fonts.gstatic.com/s/roboto/v49/KFO7CnqEu92Fr1ME7kSn66aGLdTylUAMaxKUBGEe.woff2
INFO    -  Downloading external file: https://fonts.gstatic.com/s/roboto/v49/KFO7CnqEu92Fr1ME7kSn66aGLdTylUAMa3OUBGEe.woff2
INFO    -  Downloading external file: https://fonts.gstatic.com/s/roboto/v49/KFO7CnqEu92Fr1ME7kSn66aGLdTylUAMa3KUBGEe.woff2
INFO    -  Downloading external file: https://fonts.gstatic.com/s/roboto/v49/KFO7CnqEu92Fr1ME7kSn66aGLdTylUAMa3yUBA.woff2
INFO    -  Downloading external file: https://fonts.gstatic.com/s/robotomono/v31/L0x7DF4xlVMF-BfR8bXMIjhOm3CWWoKC.woff2
INFO    -  Downloading external file: https://fonts.gstatic.com/s/robotomono/v31/L0x7DF4xlVMF-BfR8bXMIjhOm3mWWoKC.woff2
INFO    -  Downloading external file: https://fonts.gstatic.com/s/robotomono/v31/L0x7DF4xlVMF-BfR8bXMIjhOm36WWoKC.woff2
INFO    -  Downloading external file: https://fonts.gstatic.com/s/robotomono/v31/L0x7DF4xlVMF-BfR8bXMIjhOm3KWWoKC.woff2
INFO    -  Downloading external file: https://fonts.gstatic.com/s/robotomono/v31/L0x7DF4xlVMF-BfR8bXMIjhOm3OWWoKC.woff2
INFO    -  Downloading external file: https://fonts.gstatic.com/s/robotomono/v31/L0x7DF4xlVMF-BfR8bXMIjhOm32WWg.woff2
INFO    -  Downloading external file: https://fonts.gstatic.com/s/robotomono/v31/L0x5DF4xlVMF-BfR8bXMIjhGq3-OXg.woff2
INFO    -  Downloading external file: https://fonts.gstatic.com/s/robotomono/v31/L0x5DF4xlVMF-BfR8bXMIjhPq3-OXg.woff2
INFO    -  Downloading external file: https://fonts.gstatic.com/s/robotomono/v31/L0x5DF4xlVMF-BfR8bXMIjhIq3-OXg.woff2
INFO    -  Downloading external file: https://fonts.gstatic.com/s/robotomono/v31/L0x5DF4xlVMF-BfR8bXMIjhEq3-OXg.woff2
INFO    -  Downloading external file: https://fonts.gstatic.com/s/robotomono/v31/L0x5DF4xlVMF-BfR8bXMIjhFq3-OXg.woff2
INFO    -  Downloading external file: https://fonts.gstatic.com/s/robotomono/v31/L0x5DF4xlVMF-BfR8bXMIjhLq38.woff2
INFO    -  Documentation built in 11.33 seconds
INFO    -  [13:07:46] Reloading browsers
INFO    -  [13:07:47] Browser connected: http://192.168.1.169:8005/configuration/
INFO    -  [13:07:50] Browser connected: http://192.168.1.169:8005/configuration/
INFO    -  [13:08:00] Browser connected: http://192.168.1.169:8005/
INFO    -  [16:08:49] Detected file changes
INFO    -  Building documentation...
INFO    -  Documentation built in 0.52 seconds
INFO    -  [16:08:50] Reloading browsers
